<?xml version="1.0" encoding="utf-8" standalone="no"?>
<test-run id="0" name="Workshop.WebDriverBasics.Tests.dll" fullname="C:\PersonalProjects\Workshop.WebDriverBasics.Tests\Workshop.WebDriverBasics\Workshop.WebDriverBasics.Tests\bin\Debug\net8.0\Workshop.WebDriverBasics.Tests.dll" runstate="Runnable" testcasecount="3" result="Passed" total="3" passed="3" failed="0" warnings="0" inconclusive="0" skipped="0" asserts="0" engine-version="3.18.1.0" clr-version="8.0.11" start-time="2024-12-28 08:24:22Z" end-time="2024-12-28 08:24:30Z" duration="7.761134">
  <command-line><![CDATA[C:\PersonalProjects\Workshop.WebDriverBasics.Tests\Workshop.WebDriverBasics\Workshop.WebDriverBasics.Tests\bin\Debug\net8.0\testhost.dll --port 14283 --endpoint 127.0.0.1:014283 --role client --parentprocessid 49484 --telemetryoptedin false]]></command-line>
  <test-suite type="Assembly" id="0-1006" name="Workshop.WebDriverBasics.Tests.dll" fullname="C:\PersonalProjects\Workshop.WebDriverBasics.Tests\Workshop.WebDriverBasics\Workshop.WebDriverBasics.Tests\bin\Debug\net8.0\Workshop.WebDriverBasics.Tests.dll" runstate="Runnable" testcasecount="3" result="Passed" start-time="2024-12-28T08:24:22.9577562Z" end-time="2024-12-28T08:24:30.6972656Z" duration="7.739475" total="3" passed="3" failed="0" warnings="0" inconclusive="0" skipped="0" asserts="0">
    <environment framework-version="4.4.0.0" clr-version="8.0.11" os-version="Microsoft Windows 10.0.26100" platform="Win32NT" cwd="C:\PersonalProjects\Workshop.WebDriverBasics.Tests\Workshop.WebDriverBasics\Workshop.WebDriverBasics.Tests\bin\Debug\net8.0" machine-name="DNEPROKOS-OMEN" user="Master" user-domain="DNEPROKOS-OMEN" culture="en-US" uiculture="en-US" os-architecture="x64" />
    <settings>
      <setting name="SynchronousEvents" value="False" />
      <setting name="InternalTraceLevel" value="Off" />
      <setting name="RandomSeed" value="11794408" />
      <setting name="TestParametersDictionary" value="[baseUrl, https://qa-automation-test-site.web.app], [login, test@test.com], [password, test], [sessionStorageKey, user], [sessionStorageValue, admin], [logLevel, Debug]">
        <item key="baseUrl" value="https://qa-automation-test-site.web.app" />
        <item key="login" value="test@test.com" />
        <item key="password" value="test" />
        <item key="sessionStorageKey" value="user" />
        <item key="sessionStorageValue" value="admin" />
        <item key="logLevel" value="Debug" />
      </setting>
      <setting name="TestParameters" value="baseUrl=https://qa-automation-test-site.web.app;login=test@test.com;password=test;sessionStorageKey=user;sessionStorageValue=admin;logLevel=Debug" />
      <setting name="SkipNonTestAssemblies" value="True" />
      <setting name="ProcessModel" value="InProcess" />
      <setting name="DomainUsage" value="Single" />
      <setting name="DefaultTestNamePattern" value="{m}{a}" />
      <setting name="WorkDirectory" value="C:\PersonalProjects\Workshop.WebDriverBasics.Tests\Workshop.WebDriverBasics\Workshop.WebDriverBasics.Tests\bin\Debug\net8.0" />
      <setting name="NumberOfTestWorkers" value="12" />
    </settings>
    <properties>
      <property name="ParallelScope" value="All" />
      <property name="LevelOfParallelism" value="30" />
      <property name="_PID" value="54452" />
      <property name="_APPDOMAIN" value="testhost" />
    </properties>
    <test-suite type="TestSuite" id="0-1007" name="Workshop" fullname="Workshop" runstate="Runnable" testcasecount="3" result="Passed" start-time="2024-12-28T08:24:22.9624024Z" end-time="2024-12-28T08:24:30.6972580Z" duration="7.734855" total="3" passed="3" failed="0" warnings="0" inconclusive="0" skipped="0" asserts="0">
      <test-suite type="TestSuite" id="0-1008" name="WebDriverBasics" fullname="Workshop.WebDriverBasics" runstate="Runnable" testcasecount="3" result="Passed" start-time="2024-12-28T08:24:22.9626296Z" end-time="2024-12-28T08:24:30.6972504Z" duration="7.734621" total="3" passed="3" failed="0" warnings="0" inconclusive="0" skipped="0" asserts="0">
        <test-suite type="SetUpFixture" id="0-1000" name="Tests" fullname="Workshop.WebDriverBasics.Tests.GlobalTestsSetup" classname="Workshop.WebDriverBasics.Tests.GlobalTestsSetup" runstate="Runnable" testcasecount="3" result="Passed" start-time="2024-12-28T08:24:22.9628166Z" end-time="2024-12-28T08:24:30.6972270Z" duration="7.734410" total="3" passed="3" failed="0" warnings="0" inconclusive="0" skipped="0" asserts="0">
          <test-suite type="TestSuite" id="0-1010" name="Tests" fullname="Workshop.WebDriverBasics.Tests.Tests" runstate="Runnable" testcasecount="3" result="Passed" start-time="2024-12-28T08:24:22.9660937Z" end-time="2024-12-28T08:24:30.6967739Z" duration="7.730680" total="3" passed="3" failed="0" warnings="0" inconclusive="0" skipped="0" asserts="0">
            <test-suite type="TestFixture" id="0-1003" name="LoginFeatureTests" fullname="Workshop.WebDriverBasics.Tests.Tests.LoginFeatureTests" classname="Workshop.WebDriverBasics.Tests.Tests.LoginFeatureTests" runstate="Runnable" testcasecount="2" result="Passed" start-time="2024-12-28T08:24:22.9662222Z" end-time="2024-12-28T08:24:29.4543140Z" duration="6.488092" total="2" passed="2" failed="0" warnings="0" inconclusive="0" skipped="0" asserts="0">
              <properties>
                <property name="ParallelScope" value="All" />
              </properties>
              <test-case id="0-1005" name="Login_ValidInvalidPassword_ShouldNotBeLoggedIn" fullname="Workshop.WebDriverBasics.Tests.Tests.LoginFeatureTests.Login_ValidInvalidPassword_ShouldNotBeLoggedIn" methodname="Login_ValidInvalidPassword_ShouldNotBeLoggedIn" classname="Workshop.WebDriverBasics.Tests.Tests.LoginFeatureTests" runstate="Runnable" seed="159649300" result="Passed" start-time="2024-12-28T08:24:22.9719498Z" end-time="2024-12-28T08:24:29.4031035Z" duration="6.431249" asserts="0" />
              <test-case id="0-1004" name="Login_ValidCredentials_ShouldBeLoggedIn" fullname="Workshop.WebDriverBasics.Tests.Tests.LoginFeatureTests.Login_ValidCredentials_ShouldBeLoggedIn" methodname="Login_ValidCredentials_ShouldBeLoggedIn" classname="Workshop.WebDriverBasics.Tests.Tests.LoginFeatureTests" runstate="Runnable" seed="1924459567" result="Passed" start-time="2024-12-28T08:24:22.9719034Z" end-time="2024-12-28T08:24:29.4525412Z" duration="6.480638" asserts="0" />
            </test-suite>
            <test-suite type="TestFixture" id="0-1001" name="DropDownFeatureTests" fullname="Workshop.WebDriverBasics.Tests.Tests.DropDownFeatureTests" classname="Workshop.WebDriverBasics.Tests.Tests.DropDownFeatureTests" runstate="Runnable" testcasecount="1" result="Passed" start-time="2024-12-28T08:24:22.9662259Z" end-time="2024-12-28T08:24:30.6967443Z" duration="7.730519" total="1" passed="1" failed="0" warnings="0" inconclusive="0" skipped="0" asserts="0">
              <properties>
                <property name="ParallelScope" value="All" />
              </properties>
              <test-case id="0-1002" name="DropDown_SelectValue_ShouldBeSelected" fullname="Workshop.WebDriverBasics.Tests.Tests.DropDownFeatureTests.DropDown_SelectValue_ShouldBeSelected" methodname="DropDown_SelectValue_ShouldBeSelected" classname="Workshop.WebDriverBasics.Tests.Tests.DropDownFeatureTests" runstate="Runnable" seed="633856233" result="Passed" start-time="2024-12-28T08:24:22.9719006Z" end-time="2024-12-28T08:24:30.6964767Z" duration="7.724576" asserts="0" />
            </test-suite>
          </test-suite>
        </test-suite>
      </test-suite>
    </test-suite>
  </test-suite>
</test-run>